<testsuite name="Mocha Tests" tests="2" failures="0" errors="2" skipped="0" timestamp="Tue, 20 Jul 2021 01:39:44 GMT" time="1.24">
<testcase classname="Summary Page" name="show Product Suite List from our server" time="0"><failure>&#x60;cy.visit()&#x60; failed trying to load:

/summary-board

We failed looking for this file at the path:

/Users/cxliao/Desktop/WFH/demo_x_frontend/demo_x/frontend/summary-board

The internal Cypress web server responded with:

  &#x3E; 404: Not Found
CypressError: &#x60;cy.visit()&#x60; failed trying to load:

/summary-board

We failed looking for this file at the path:

/Users/cxliao/Desktop/WFH/demo_x_frontend/demo_x/frontend/summary-board

The internal Cypress web server responded with:

  &#x3E; 404: Not Found
    at http://localhost:50004/__cypress/runner/cypress_runner.js:138917:25
    at visitFailedByErr (http://localhost:50004/__cypress/runner/cypress_runner.js:138292:12)
    at http://localhost:50004/__cypress/runner/cypress_runner.js:138897:13
    at tryCatcher (http://localhost:50004/__cypress/runner/cypress_runner.js:10798:23)
    at Promise._settlePromiseFromHandler (http://localhost:50004/__cypress/runner/cypress_runner.js:8733:31)
    at Promise._settlePromise (http://localhost:50004/__cypress/runner/cypress_runner.js:8790:18)
    at Promise._settlePromise0 (http://localhost:50004/__cypress/runner/cypress_runner.js:8835:10)
    at Promise._settlePromises (http://localhost:50004/__cypress/runner/cypress_runner.js:8911:18)
    at _drainQueueStep (http://localhost:50004/__cypress/runner/cypress_runner.js:5505:12)
    at _drainQueue (http://localhost:50004/__cypress/runner/cypress_runner.js:5498:9)
    at Async.../../node_modules/bluebird/js/release/async.js.Async._drainQueues (http://localhost:50004/__cypress/runner/cypress_runner.js:5514:5)
    at Async.drainQueues (http://localhost:50004/__cypress/runner/cypress_runner.js:5384:14)
From Your Spec Code:
    at Context.eval (http://localhost:50004/__cypress/tests?p=cypress/integration/summary.test.js:103:8)</failure></testcase>
<testcase classname="Summary Page" name="show Product List from our server" time="0"><failure>&#x60;cy.visit()&#x60; failed trying to load:

/summary-board

We failed looking for this file at the path:

/Users/cxliao/Desktop/WFH/demo_x_frontend/demo_x/frontend/summary-board

The internal Cypress web server responded with:

  &#x3E; 404: Not Found
CypressError: &#x60;cy.visit()&#x60; failed trying to load:

/summary-board

We failed looking for this file at the path:

/Users/cxliao/Desktop/WFH/demo_x_frontend/demo_x/frontend/summary-board

The internal Cypress web server responded with:

  &#x3E; 404: Not Found
    at http://localhost:50004/__cypress/runner/cypress_runner.js:138917:25
    at visitFailedByErr (http://localhost:50004/__cypress/runner/cypress_runner.js:138292:12)
    at http://localhost:50004/__cypress/runner/cypress_runner.js:138897:13
    at tryCatcher (http://localhost:50004/__cypress/runner/cypress_runner.js:10798:23)
    at Promise._settlePromiseFromHandler (http://localhost:50004/__cypress/runner/cypress_runner.js:8733:31)
    at Promise._settlePromise (http://localhost:50004/__cypress/runner/cypress_runner.js:8790:18)
    at Promise._settlePromise0 (http://localhost:50004/__cypress/runner/cypress_runner.js:8835:10)
    at Promise._settlePromises (http://localhost:50004/__cypress/runner/cypress_runner.js:8911:18)
    at _drainQueueStep (http://localhost:50004/__cypress/runner/cypress_runner.js:5505:12)
    at _drainQueue (http://localhost:50004/__cypress/runner/cypress_runner.js:5498:9)
    at Async.../../node_modules/bluebird/js/release/async.js.Async._drainQueues (http://localhost:50004/__cypress/runner/cypress_runner.js:5514:5)
    at Async.drainQueues (http://localhost:50004/__cypress/runner/cypress_runner.js:5384:14)
From Your Spec Code:
    at Context.eval (http://localhost:50004/__cypress/tests?p=cypress/integration/summary.test.js:108:8)</failure></testcase>
</testsuite>
