{
  "/Users/cxliao/Desktop/WFH/demo_x_frontend/demo_x/frontend/src/features/counter/counterAPI.ts": {
    "path": "/Users/cxliao/Desktop/WFH/demo_x_frontend/demo_x/frontend/src/features/counter/counterAPI.ts",
    "statementMap": {
      "0": {
        "start": {
          "line": 3,
          "column": 2
        },
        "end": {
          "line": 5,
          "column": 3
        }
      },
      "1": {
        "start": {
          "line": 4,
          "column": 4
        },
        "end": {
          "line": 4,
          "column": 52
        }
      },
      "2": {
        "start": {
          "line": 4,
          "column": 21
        },
        "end": {
          "line": 4,
          "column": 46
        }
      }
    },
    "fnMap": {
      "0": {
        "name": "fetchCount",
        "decl": {
          "start": {
            "line": 2,
            "column": 16
          },
          "end": {
            "line": 2,
            "column": 26
          }
        },
        "loc": {
          "start": {
            "line": 2,
            "column": 39
          },
          "end": {
            "line": 6,
            "column": 1
          }
        },
        "line": 2
      },
      "1": {
        "name": "(anonymous_1)",
        "decl": {
          "start": {
            "line": 3,
            "column": 39
          },
          "end": {
            "line": 3,
            "column": 40
          }
        },
        "loc": {
          "start": {
            "line": 4,
            "column": 4
          },
          "end": {
            "line": 4,
            "column": 52
          }
        },
        "line": 4
      },
      "2": {
        "name": "(anonymous_2)",
        "decl": {
          "start": {
            "line": 4,
            "column": 15
          },
          "end": {
            "line": 4,
            "column": 16
          }
        },
        "loc": {
          "start": {
            "line": 4,
            "column": 21
          },
          "end": {
            "line": 4,
            "column": 46
          }
        },
        "line": 4
      }
    },
    "branchMap": {
      "0": {
        "loc": {
          "start": {
            "line": 2,
            "column": 27
          },
          "end": {
            "line": 2,
            "column": 37
          }
        },
        "type": "default-arg",
        "locations": [
          {
            "start": {
              "line": 2,
              "column": 36
            },
            "end": {
              "line": 2,
              "column": 37
            }
          }
        ],
        "line": 2
      }
    },
    "s": {
      "0": 0,
      "1": 0,
      "2": 0
    },
    "f": {
      "0": 0,
      "1": 0,
      "2": 0
    },
    "b": {
      "0": [
        0
      ]
    },
    "_coverageSchema": "1a1c01bbd47fc00a2c39e90264f33305004495a9",
    "hash": "71b71af3c2e6b0ca0e689e32e837ca52d1ac2fb6"
  },
  "/Users/cxliao/Desktop/WFH/demo_x_frontend/demo_x/frontend/src/features/counter/counterSlice.ts": {
    "path": "/Users/cxliao/Desktop/WFH/demo_x_frontend/demo_x/frontend/src/features/counter/counterSlice.ts",
    "statementMap": {
      "0": {
        "start": {
          "line": 10,
          "column": 35
        },
        "end": {
          "line": 13,
          "column": 1
        }
      },
      "1": {
        "start": {
          "line": 20,
          "column": 30
        },
        "end": {
          "line": 24,
          "column": 2
        }
      },
      "2": {
        "start": {
          "line": 21,
          "column": 19
        },
        "end": {
          "line": 21,
          "column": 43
        }
      },
      "3": {
        "start": {
          "line": 23,
          "column": 2
        },
        "end": {
          "line": 23,
          "column": 22
        }
      },
      "4": {
        "start": {
          "line": 26,
          "column": 28
        },
        "end": {
          "line": 58,
          "column": 2
        }
      },
      "5": {
        "start": {
          "line": 36,
          "column": 6
        },
        "end": {
          "line": 36,
          "column": 22
        }
      },
      "6": {
        "start": {
          "line": 39,
          "column": 6
        },
        "end": {
          "line": 39,
          "column": 22
        }
      },
      "7": {
        "start": {
          "line": 43,
          "column": 6
        },
        "end": {
          "line": 43,
          "column": 35
        }
      },
      "8": {
        "start": {
          "line": 49,
          "column": 4
        },
        "end": {
          "line": 56,
          "column": 8
        }
      },
      "9": {
        "start": {
          "line": 51,
          "column": 8
        },
        "end": {
          "line": 51,
          "column": 32
        }
      },
      "10": {
        "start": {
          "line": 54,
          "column": 8
        },
        "end": {
          "line": 54,
          "column": 29
        }
      },
      "11": {
        "start": {
          "line": 55,
          "column": 8
        },
        "end": {
          "line": 55,
          "column": 37
        }
      },
      "12": {
        "start": {
          "line": 60,
          "column": 59
        },
        "end": {
          "line": 60,
          "column": 79
        }
      },
      "13": {
        "start": {
          "line": 65,
          "column": 27
        },
        "end": {
          "line": 65,
          "column": 68
        }
      },
      "14": {
        "start": {
          "line": 65,
          "column": 49
        },
        "end": {
          "line": 65,
          "column": 68
        }
      },
      "15": {
        "start": {
          "line": 70,
          "column": 2
        },
        "end": {
          "line": 76,
          "column": 5
        }
      },
      "16": {
        "start": {
          "line": 71,
          "column": 4
        },
        "end": {
          "line": 76,
          "column": 5
        }
      },
      "17": {
        "start": {
          "line": 72,
          "column": 27
        },
        "end": {
          "line": 72,
          "column": 50
        }
      },
      "18": {
        "start": {
          "line": 73,
          "column": 6
        },
        "end": {
          "line": 75,
          "column": 7
        }
      },
      "19": {
        "start": {
          "line": 74,
          "column": 8
        },
        "end": {
          "line": 74,
          "column": 43
        }
      }
    },
    "fnMap": {
      "0": {
        "name": "(anonymous_0)",
        "decl": {
          "start": {
            "line": 20,
            "column": 69
          },
          "end": {
            "line": 20,
            "column": 70
          }
        },
        "loc": {
          "start": {
            "line": 20,
            "column": 95
          },
          "end": {
            "line": 24,
            "column": 1
          }
        },
        "line": 20
      },
      "1": {
        "name": "(anonymous_1)",
        "decl": {
          "start": {
            "line": 31,
            "column": 15
          },
          "end": {
            "line": 31,
            "column": 16
          }
        },
        "loc": {
          "start": {
            "line": 31,
            "column": 26
          },
          "end": {
            "line": 37,
            "column": 5
          }
        },
        "line": 31
      },
      "2": {
        "name": "(anonymous_2)",
        "decl": {
          "start": {
            "line": 38,
            "column": 15
          },
          "end": {
            "line": 38,
            "column": 16
          }
        },
        "loc": {
          "start": {
            "line": 38,
            "column": 26
          },
          "end": {
            "line": 40,
            "column": 5
          }
        },
        "line": 38
      },
      "3": {
        "name": "(anonymous_3)",
        "decl": {
          "start": {
            "line": 42,
            "column": 23
          },
          "end": {
            "line": 42,
            "column": 24
          }
        },
        "loc": {
          "start": {
            "line": 42,
            "column": 65
          },
          "end": {
            "line": 44,
            "column": 5
          }
        },
        "line": 42
      },
      "4": {
        "name": "(anonymous_4)",
        "decl": {
          "start": {
            "line": 48,
            "column": 17
          },
          "end": {
            "line": 48,
            "column": 18
          }
        },
        "loc": {
          "start": {
            "line": 48,
            "column": 30
          },
          "end": {
            "line": 57,
            "column": 3
          }
        },
        "line": 48
      },
      "5": {
        "name": "(anonymous_5)",
        "decl": {
          "start": {
            "line": 50,
            "column": 39
          },
          "end": {
            "line": 50,
            "column": 40
          }
        },
        "loc": {
          "start": {
            "line": 50,
            "column": 50
          },
          "end": {
            "line": 52,
            "column": 7
          }
        },
        "line": 50
      },
      "6": {
        "name": "(anonymous_6)",
        "decl": {
          "start": {
            "line": 53,
            "column": 41
          },
          "end": {
            "line": 53,
            "column": 42
          }
        },
        "loc": {
          "start": {
            "line": 53,
            "column": 60
          },
          "end": {
            "line": 56,
            "column": 7
          }
        },
        "line": 53
      },
      "7": {
        "name": "(anonymous_7)",
        "decl": {
          "start": {
            "line": 65,
            "column": 27
          },
          "end": {
            "line": 65,
            "column": 28
          }
        },
        "loc": {
          "start": {
            "line": 65,
            "column": 49
          },
          "end": {
            "line": 65,
            "column": 68
          }
        },
        "line": 65
      },
      "8": {
        "name": "(anonymous_8)",
        "decl": {
          "start": {
            "line": 70,
            "column": 2
          },
          "end": {
            "line": 70,
            "column": 3
          }
        },
        "loc": {
          "start": {
            "line": 71,
            "column": 4
          },
          "end": {
            "line": 76,
            "column": 5
          }
        },
        "line": 71
      },
      "9": {
        "name": "(anonymous_9)",
        "decl": {
          "start": {
            "line": 71,
            "column": 4
          },
          "end": {
            "line": 71,
            "column": 5
          }
        },
        "loc": {
          "start": {
            "line": 71,
            "column": 28
          },
          "end": {
            "line": 76,
            "column": 5
          }
        },
        "line": 71
      }
    },
    "branchMap": {
      "0": {
        "loc": {
          "start": {
            "line": 73,
            "column": 6
          },
          "end": {
            "line": 75,
            "column": 7
          }
        },
        "type": "if",
        "locations": [
          {
            "start": {
              "line": 73,
              "column": 6
            },
            "end": {
              "line": 75,
              "column": 7
            }
          },
          {
            "start": {
              "line": 73,
              "column": 6
            },
            "end": {
              "line": 75,
              "column": 7
            }
          }
        ],
        "line": 73
      }
    },
    "s": {
      "0": 20,
      "1": 20,
      "2": 0,
      "3": 0,
      "4": 20,
      "5": 0,
      "6": 0,
      "7": 0,
      "8": 20,
      "9": 0,
      "10": 0,
      "11": 0,
      "12": 20,
      "13": 20,
      "14": 0,
      "15": 20,
      "16": 0,
      "17": 0,
      "18": 0,
      "19": 0
    },
    "f": {
      "0": 0,
      "1": 0,
      "2": 0,
      "3": 0,
      "4": 20,
      "5": 0,
      "6": 0,
      "7": 0,
      "8": 0,
      "9": 0
    },
    "b": {
      "0": [
        0,
        0
      ]
    },
    "_coverageSchema": "1a1c01bbd47fc00a2c39e90264f33305004495a9",
    "hash": "76fdf1805233f23fac8106042b0716d934b77109"
  },
  "/Users/cxliao/Desktop/WFH/demo_x_frontend/demo_x/frontend/src/redux/userState.tsx": {
    "path": "/Users/cxliao/Desktop/WFH/demo_x_frontend/demo_x/frontend/src/redux/userState.tsx",
    "statementMap": {
      "0": {
        "start": {
          "line": 10,
          "column": 32
        },
        "end": {
          "line": 13,
          "column": 1
        }
      },
      "1": {
        "start": {
          "line": 15,
          "column": 30
        },
        "end": {
          "line": 25,
          "column": 2
        }
      },
      "2": {
        "start": {
          "line": 20,
          "column": 8
        },
        "end": {
          "line": 20,
          "column": 44
        }
      },
      "3": {
        "start": {
          "line": 21,
          "column": 8
        },
        "end": {
          "line": 21,
          "column": 54
        }
      },
      "4": {
        "start": {
          "line": 27,
          "column": 29
        },
        "end": {
          "line": 27,
          "column": 83
        }
      },
      "5": {
        "start": {
          "line": 27,
          "column": 51
        },
        "end": {
          "line": 27,
          "column": 83
        }
      },
      "6": {
        "start": {
          "line": 29,
          "column": 33
        },
        "end": {
          "line": 29,
          "column": 55
        }
      }
    },
    "fnMap": {
      "0": {
        "name": "(anonymous_0)",
        "decl": {
          "start": {
            "line": 19,
            "column": 20
          },
          "end": {
            "line": 19,
            "column": 21
          }
        },
        "loc": {
          "start": {
            "line": 19,
            "column": 75
          },
          "end": {
            "line": 22,
            "column": 5
          }
        },
        "line": 19
      },
      "1": {
        "name": "(anonymous_1)",
        "decl": {
          "start": {
            "line": 27,
            "column": 29
          },
          "end": {
            "line": 27,
            "column": 30
          }
        },
        "loc": {
          "start": {
            "line": 27,
            "column": 51
          },
          "end": {
            "line": 27,
            "column": 83
          }
        },
        "line": 27
      }
    },
    "branchMap": {},
    "s": {
      "0": 20,
      "1": 20,
      "2": 0,
      "3": 0,
      "4": 20,
      "5": 42,
      "6": 20
    },
    "f": {
      "0": 0,
      "1": 42
    },
    "b": {},
    "_coverageSchema": "1a1c01bbd47fc00a2c39e90264f33305004495a9",
    "hash": "eeea057de1d5d0b01d5cbf3a4084ef475ffbb062"
  },
  "/Users/cxliao/Desktop/WFH/demo_x_frontend/demo_x/frontend/src/app/store.ts": {
    "path": "/Users/cxliao/Desktop/WFH/demo_x_frontend/demo_x/frontend/src/app/store.ts",
    "statementMap": {
      "0": {
        "start": {
          "line": 5,
          "column": 21
        },
        "end": {
          "line": 10,
          "column": 2
        }
      }
    },
    "fnMap": {},
    "branchMap": {},
    "s": {
      "0": 20
    },
    "f": {},
    "b": {},
    "_coverageSchema": "1a1c01bbd47fc00a2c39e90264f33305004495a9",
    "hash": "7440fa2064a34809b60eb9342cb2dff9c8aac67d"
  },
  "/Users/cxliao/Desktop/WFH/demo_x_frontend/demo_x/frontend/src/serviceWorker.ts": {
    "path": "/Users/cxliao/Desktop/WFH/demo_x_frontend/demo_x/frontend/src/serviceWorker.ts",
    "statementMap": {
      "0": {
        "start": {
          "line": 13,
          "column": 20
        },
        "end": {
          "line": 19,
          "column": 1
        }
      },
      "1": {
        "start": {
          "line": 27,
          "column": 2
        },
        "end": {
          "line": 57,
          "column": 3
        }
      },
      "2": {
        "start": {
          "line": 29,
          "column": 22
        },
        "end": {
          "line": 29,
          "column": 75
        }
      },
      "3": {
        "start": {
          "line": 30,
          "column": 4
        },
        "end": {
          "line": 35,
          "column": 5
        }
      },
      "4": {
        "start": {
          "line": 34,
          "column": 6
        },
        "end": {
          "line": 34,
          "column": 12
        }
      },
      "5": {
        "start": {
          "line": 37,
          "column": 4
        },
        "end": {
          "line": 56,
          "column": 6
        }
      },
      "6": {
        "start": {
          "line": 38,
          "column": 20
        },
        "end": {
          "line": 38,
          "column": 65
        }
      },
      "7": {
        "start": {
          "line": 40,
          "column": 6
        },
        "end": {
          "line": 55,
          "column": 7
        }
      },
      "8": {
        "start": {
          "line": 42,
          "column": 8
        },
        "end": {
          "line": 42,
          "column": 46
        }
      },
      "9": {
        "start": {
          "line": 46,
          "column": 8
        },
        "end": {
          "line": 51,
          "column": 10
        }
      },
      "10": {
        "start": {
          "line": 47,
          "column": 10
        },
        "end": {
          "line": 50,
          "column": 11
        }
      },
      "11": {
        "start": {
          "line": 54,
          "column": 8
        },
        "end": {
          "line": 54,
          "column": 38
        }
      },
      "12": {
        "start": {
          "line": 61,
          "column": 2
        },
        "end": {
          "line": 101,
          "column": 6
        }
      },
      "13": {
        "start": {
          "line": 64,
          "column": 6
        },
        "end": {
          "line": 97,
          "column": 7
        }
      },
      "14": {
        "start": {
          "line": 65,
          "column": 33
        },
        "end": {
          "line": 65,
          "column": 56
        }
      },
      "15": {
        "start": {
          "line": 66,
          "column": 8
        },
        "end": {
          "line": 68,
          "column": 9
        }
      },
      "16": {
        "start": {
          "line": 67,
          "column": 10
        },
        "end": {
          "line": 67,
          "column": 16
        }
      },
      "17": {
        "start": {
          "line": 69,
          "column": 8
        },
        "end": {
          "line": 96,
          "column": 9
        }
      },
      "18": {
        "start": {
          "line": 70,
          "column": 10
        },
        "end": {
          "line": 95,
          "column": 11
        }
      },
      "19": {
        "start": {
          "line": 71,
          "column": 12
        },
        "end": {
          "line": 94,
          "column": 13
        }
      },
      "20": {
        "start": {
          "line": 75,
          "column": 14
        },
        "end": {
          "line": 78,
          "column": 15
        }
      },
      "21": {
        "start": {
          "line": 81,
          "column": 14
        },
        "end": {
          "line": 83,
          "column": 15
        }
      },
      "22": {
        "start": {
          "line": 82,
          "column": 16
        },
        "end": {
          "line": 82,
          "column": 45
        }
      },
      "23": {
        "start": {
          "line": 88,
          "column": 14
        },
        "end": {
          "line": 88,
          "column": 63
        }
      },
      "24": {
        "start": {
          "line": 91,
          "column": 14
        },
        "end": {
          "line": 93,
          "column": 15
        }
      },
      "25": {
        "start": {
          "line": 92,
          "column": 16
        },
        "end": {
          "line": 92,
          "column": 46
        }
      },
      "26": {
        "start": {
          "line": 100,
          "column": 6
        },
        "end": {
          "line": 100,
          "column": 71
        }
      },
      "27": {
        "start": {
          "line": 106,
          "column": 2
        },
        "end": {
          "line": 129,
          "column": 6
        }
      },
      "28": {
        "start": {
          "line": 111,
          "column": 26
        },
        "end": {
          "line": 111,
          "column": 62
        }
      },
      "29": {
        "start": {
          "line": 112,
          "column": 6
        },
        "end": {
          "line": 125,
          "column": 7
        }
      },
      "30": {
        "start": {
          "line": 117,
          "column": 8
        },
        "end": {
          "line": 121,
          "column": 10
        }
      },
      "31": {
        "start": {
          "line": 118,
          "column": 10
        },
        "end": {
          "line": 120,
          "column": 12
        }
      },
      "32": {
        "start": {
          "line": 119,
          "column": 12
        },
        "end": {
          "line": 119,
          "column": 36
        }
      },
      "33": {
        "start": {
          "line": 124,
          "column": 8
        },
        "end": {
          "line": 124,
          "column": 38
        }
      },
      "34": {
        "start": {
          "line": 128,
          "column": 6
        },
        "end": {
          "line": 128,
          "column": 82
        }
      },
      "35": {
        "start": {
          "line": 133,
          "column": 2
        },
        "end": {
          "line": 141,
          "column": 3
        }
      },
      "36": {
        "start": {
          "line": 134,
          "column": 4
        },
        "end": {
          "line": 140,
          "column": 8
        }
      },
      "37": {
        "start": {
          "line": 136,
          "column": 8
        },
        "end": {
          "line": 136,
          "column": 33
        }
      },
      "38": {
        "start": {
          "line": 139,
          "column": 8
        },
        "end": {
          "line": 139,
          "column": 36
        }
      }
    },
    "fnMap": {
      "0": {
        "name": "register",
        "decl": {
          "start": {
            "line": 26,
            "column": 16
          },
          "end": {
            "line": 26,
            "column": 24
          }
        },
        "loc": {
          "start": {
            "line": 26,
            "column": 42
          },
          "end": {
            "line": 58,
            "column": 1
          }
        },
        "line": 26
      },
      "1": {
        "name": "(anonymous_1)",
        "decl": {
          "start": {
            "line": 37,
            "column": 36
          },
          "end": {
            "line": 37,
            "column": 37
          }
        },
        "loc": {
          "start": {
            "line": 37,
            "column": 42
          },
          "end": {
            "line": 56,
            "column": 5
          }
        },
        "line": 37
      },
      "2": {
        "name": "(anonymous_2)",
        "decl": {
          "start": {
            "line": 46,
            "column": 43
          },
          "end": {
            "line": 46,
            "column": 44
          }
        },
        "loc": {
          "start": {
            "line": 46,
            "column": 49
          },
          "end": {
            "line": 51,
            "column": 9
          }
        },
        "line": 46
      },
      "3": {
        "name": "registerValidSW",
        "decl": {
          "start": {
            "line": 60,
            "column": 9
          },
          "end": {
            "line": 60,
            "column": 24
          }
        },
        "loc": {
          "start": {
            "line": 60,
            "column": 57
          },
          "end": {
            "line": 102,
            "column": 1
          }
        },
        "line": 60
      },
      "4": {
        "name": "(anonymous_4)",
        "decl": {
          "start": {
            "line": 63,
            "column": 10
          },
          "end": {
            "line": 63,
            "column": 11
          }
        },
        "loc": {
          "start": {
            "line": 63,
            "column": 28
          },
          "end": {
            "line": 98,
            "column": 5
          }
        },
        "line": 63
      },
      "5": {
        "name": "(anonymous_5)",
        "decl": {
          "start": {
            "line": 64,
            "column": 35
          },
          "end": {
            "line": 64,
            "column": 36
          }
        },
        "loc": {
          "start": {
            "line": 64,
            "column": 41
          },
          "end": {
            "line": 97,
            "column": 7
          }
        },
        "line": 64
      },
      "6": {
        "name": "(anonymous_6)",
        "decl": {
          "start": {
            "line": 69,
            "column": 41
          },
          "end": {
            "line": 69,
            "column": 42
          }
        },
        "loc": {
          "start": {
            "line": 69,
            "column": 47
          },
          "end": {
            "line": 96,
            "column": 9
          }
        },
        "line": 69
      },
      "7": {
        "name": "(anonymous_7)",
        "decl": {
          "start": {
            "line": 99,
            "column": 11
          },
          "end": {
            "line": 99,
            "column": 12
          }
        },
        "loc": {
          "start": {
            "line": 99,
            "column": 22
          },
          "end": {
            "line": 101,
            "column": 5
          }
        },
        "line": 99
      },
      "8": {
        "name": "checkValidServiceWorker",
        "decl": {
          "start": {
            "line": 104,
            "column": 9
          },
          "end": {
            "line": 104,
            "column": 32
          }
        },
        "loc": {
          "start": {
            "line": 104,
            "column": 65
          },
          "end": {
            "line": 130,
            "column": 1
          }
        },
        "line": 104
      },
      "9": {
        "name": "(anonymous_9)",
        "decl": {
          "start": {
            "line": 109,
            "column": 10
          },
          "end": {
            "line": 109,
            "column": 11
          }
        },
        "loc": {
          "start": {
            "line": 109,
            "column": 24
          },
          "end": {
            "line": 126,
            "column": 5
          }
        },
        "line": 109
      },
      "10": {
        "name": "(anonymous_10)",
        "decl": {
          "start": {
            "line": 117,
            "column": 43
          },
          "end": {
            "line": 117,
            "column": 44
          }
        },
        "loc": {
          "start": {
            "line": 117,
            "column": 61
          },
          "end": {
            "line": 121,
            "column": 9
          }
        },
        "line": 117
      },
      "11": {
        "name": "(anonymous_11)",
        "decl": {
          "start": {
            "line": 118,
            "column": 41
          },
          "end": {
            "line": 118,
            "column": 42
          }
        },
        "loc": {
          "start": {
            "line": 118,
            "column": 47
          },
          "end": {
            "line": 120,
            "column": 11
          }
        },
        "line": 118
      },
      "12": {
        "name": "(anonymous_12)",
        "decl": {
          "start": {
            "line": 127,
            "column": 11
          },
          "end": {
            "line": 127,
            "column": 12
          }
        },
        "loc": {
          "start": {
            "line": 127,
            "column": 17
          },
          "end": {
            "line": 129,
            "column": 5
          }
        },
        "line": 127
      },
      "13": {
        "name": "unregister",
        "decl": {
          "start": {
            "line": 132,
            "column": 16
          },
          "end": {
            "line": 132,
            "column": 26
          }
        },
        "loc": {
          "start": {
            "line": 132,
            "column": 29
          },
          "end": {
            "line": 142,
            "column": 1
          }
        },
        "line": 132
      },
      "14": {
        "name": "(anonymous_14)",
        "decl": {
          "start": {
            "line": 135,
            "column": 12
          },
          "end": {
            "line": 135,
            "column": 13
          }
        },
        "loc": {
          "start": {
            "line": 135,
            "column": 30
          },
          "end": {
            "line": 137,
            "column": 7
          }
        },
        "line": 135
      },
      "15": {
        "name": "(anonymous_15)",
        "decl": {
          "start": {
            "line": 138,
            "column": 13
          },
          "end": {
            "line": 138,
            "column": 14
          }
        },
        "loc": {
          "start": {
            "line": 138,
            "column": 24
          },
          "end": {
            "line": 140,
            "column": 7
          }
        },
        "line": 138
      }
    },
    "branchMap": {
      "0": {
        "loc": {
          "start": {
            "line": 14,
            "column": 2
          },
          "end": {
            "line": 18,
            "column": 92
          }
        },
        "type": "binary-expr",
        "locations": [
          {
            "start": {
              "line": 14,
              "column": 2
            },
            "end": {
              "line": 14,
              "column": 42
            }
          },
          {
            "start": {
              "line": 16,
              "column": 4
            },
            "end": {
              "line": 16,
              "column": 40
            }
          },
          {
            "start": {
              "line": 18,
              "column": 4
            },
            "end": {
              "line": 18,
              "column": 92
            }
          }
        ],
        "line": 14
      },
      "1": {
        "loc": {
          "start": {
            "line": 27,
            "column": 2
          },
          "end": {
            "line": 57,
            "column": 3
          }
        },
        "type": "if",
        "locations": [
          {
            "start": {
              "line": 27,
              "column": 2
            },
            "end": {
              "line": 57,
              "column": 3
            }
          },
          {
            "start": {
              "line": 27,
              "column": 2
            },
            "end": {
              "line": 57,
              "column": 3
            }
          }
        ],
        "line": 27
      },
      "2": {
        "loc": {
          "start": {
            "line": 27,
            "column": 6
          },
          "end": {
            "line": 27,
            "column": 75
          }
        },
        "type": "binary-expr",
        "locations": [
          {
            "start": {
              "line": 27,
              "column": 6
            },
            "end": {
              "line": 27,
              "column": 43
            }
          },
          {
            "start": {
              "line": 27,
              "column": 47
            },
            "end": {
              "line": 27,
              "column": 75
            }
          }
        ],
        "line": 27
      },
      "3": {
        "loc": {
          "start": {
            "line": 30,
            "column": 4
          },
          "end": {
            "line": 35,
            "column": 5
          }
        },
        "type": "if",
        "locations": [
          {
            "start": {
              "line": 30,
              "column": 4
            },
            "end": {
              "line": 35,
              "column": 5
            }
          },
          {
            "start": {
              "line": 30,
              "column": 4
            },
            "end": {
              "line": 35,
              "column": 5
            }
          }
        ],
        "line": 30
      },
      "4": {
        "loc": {
          "start": {
            "line": 40,
            "column": 6
          },
          "end": {
            "line": 55,
            "column": 7
          }
        },
        "type": "if",
        "locations": [
          {
            "start": {
              "line": 40,
              "column": 6
            },
            "end": {
              "line": 55,
              "column": 7
            }
          },
          {
            "start": {
              "line": 40,
              "column": 6
            },
            "end": {
              "line": 55,
              "column": 7
            }
          }
        ],
        "line": 40
      },
      "5": {
        "loc": {
          "start": {
            "line": 66,
            "column": 8
          },
          "end": {
            "line": 68,
            "column": 9
          }
        },
        "type": "if",
        "locations": [
          {
            "start": {
              "line": 66,
              "column": 8
            },
            "end": {
              "line": 68,
              "column": 9
            }
          },
          {
            "start": {
              "line": 66,
              "column": 8
            },
            "end": {
              "line": 68,
              "column": 9
            }
          }
        ],
        "line": 66
      },
      "6": {
        "loc": {
          "start": {
            "line": 70,
            "column": 10
          },
          "end": {
            "line": 95,
            "column": 11
          }
        },
        "type": "if",
        "locations": [
          {
            "start": {
              "line": 70,
              "column": 10
            },
            "end": {
              "line": 95,
              "column": 11
            }
          },
          {
            "start": {
              "line": 70,
              "column": 10
            },
            "end": {
              "line": 95,
              "column": 11
            }
          }
        ],
        "line": 70
      },
      "7": {
        "loc": {
          "start": {
            "line": 71,
            "column": 12
          },
          "end": {
            "line": 94,
            "column": 13
          }
        },
        "type": "if",
        "locations": [
          {
            "start": {
              "line": 71,
              "column": 12
            },
            "end": {
              "line": 94,
              "column": 13
            }
          },
          {
            "start": {
              "line": 71,
              "column": 12
            },
            "end": {
              "line": 94,
              "column": 13
            }
          }
        ],
        "line": 71
      },
      "8": {
        "loc": {
          "start": {
            "line": 81,
            "column": 14
          },
          "end": {
            "line": 83,
            "column": 15
          }
        },
        "type": "if",
        "locations": [
          {
            "start": {
              "line": 81,
              "column": 14
            },
            "end": {
              "line": 83,
              "column": 15
            }
          },
          {
            "start": {
              "line": 81,
              "column": 14
            },
            "end": {
              "line": 83,
              "column": 15
            }
          }
        ],
        "line": 81
      },
      "9": {
        "loc": {
          "start": {
            "line": 81,
            "column": 18
          },
          "end": {
            "line": 81,
            "column": 43
          }
        },
        "type": "binary-expr",
        "locations": [
          {
            "start": {
              "line": 81,
              "column": 18
            },
            "end": {
              "line": 81,
              "column": 24
            }
          },
          {
            "start": {
              "line": 81,
              "column": 28
            },
            "end": {
              "line": 81,
              "column": 43
            }
          }
        ],
        "line": 81
      },
      "10": {
        "loc": {
          "start": {
            "line": 91,
            "column": 14
          },
          "end": {
            "line": 93,
            "column": 15
          }
        },
        "type": "if",
        "locations": [
          {
            "start": {
              "line": 91,
              "column": 14
            },
            "end": {
              "line": 93,
              "column": 15
            }
          },
          {
            "start": {
              "line": 91,
              "column": 14
            },
            "end": {
              "line": 93,
              "column": 15
            }
          }
        ],
        "line": 91
      },
      "11": {
        "loc": {
          "start": {
            "line": 91,
            "column": 18
          },
          "end": {
            "line": 91,
            "column": 44
          }
        },
        "type": "binary-expr",
        "locations": [
          {
            "start": {
              "line": 91,
              "column": 18
            },
            "end": {
              "line": 91,
              "column": 24
            }
          },
          {
            "start": {
              "line": 91,
              "column": 28
            },
            "end": {
              "line": 91,
              "column": 44
            }
          }
        ],
        "line": 91
      },
      "12": {
        "loc": {
          "start": {
            "line": 112,
            "column": 6
          },
          "end": {
            "line": 125,
            "column": 7
          }
        },
        "type": "if",
        "locations": [
          {
            "start": {
              "line": 112,
              "column": 6
            },
            "end": {
              "line": 125,
              "column": 7
            }
          },
          {
            "start": {
              "line": 112,
              "column": 6
            },
            "end": {
              "line": 125,
              "column": 7
            }
          }
        ],
        "line": 112
      },
      "13": {
        "loc": {
          "start": {
            "line": 113,
            "column": 8
          },
          "end": {
            "line": 114,
            "column": 73
          }
        },
        "type": "binary-expr",
        "locations": [
          {
            "start": {
              "line": 113,
              "column": 8
            },
            "end": {
              "line": 113,
              "column": 31
            }
          },
          {
            "start": {
              "line": 114,
              "column": 9
            },
            "end": {
              "line": 114,
              "column": 28
            }
          },
          {
            "start": {
              "line": 114,
              "column": 32
            },
            "end": {
              "line": 114,
              "column": 72
            }
          }
        ],
        "line": 113
      },
      "14": {
        "loc": {
          "start": {
            "line": 133,
            "column": 2
          },
          "end": {
            "line": 141,
            "column": 3
          }
        },
        "type": "if",
        "locations": [
          {
            "start": {
              "line": 133,
              "column": 2
            },
            "end": {
              "line": 141,
              "column": 3
            }
          },
          {
            "start": {
              "line": 133,
              "column": 2
            },
            "end": {
              "line": 141,
              "column": 3
            }
          }
        ],
        "line": 133
      }
    },
    "s": {
      "0": 20,
      "1": 0,
      "2": 0,
      "3": 0,
      "4": 0,
      "5": 0,
      "6": 0,
      "7": 0,
      "8": 0,
      "9": 0,
      "10": 0,
      "11": 0,
      "12": 0,
      "13": 0,
      "14": 0,
      "15": 0,
      "16": 0,
      "17": 0,
      "18": 0,
      "19": 0,
      "20": 0,
      "21": 0,
      "22": 0,
      "23": 0,
      "24": 0,
      "25": 0,
      "26": 0,
      "27": 0,
      "28": 0,
      "29": 0,
      "30": 0,
      "31": 0,
      "32": 0,
      "33": 0,
      "34": 0,
      "35": 20,
      "36": 20,
      "37": 0,
      "38": 0
    },
    "f": {
      "0": 0,
      "1": 0,
      "2": 0,
      "3": 0,
      "4": 0,
      "5": 0,
      "6": 0,
      "7": 0,
      "8": 0,
      "9": 0,
      "10": 0,
      "11": 0,
      "12": 0,
      "13": 20,
      "14": 0,
      "15": 0
    },
    "b": {
      "0": [
        20,
        0,
        0
      ],
      "1": [
        0,
        0
      ],
      "2": [
        0,
        0
      ],
      "3": [
        0,
        0
      ],
      "4": [
        0,
        0
      ],
      "5": [
        0,
        0
      ],
      "6": [
        0,
        0
      ],
      "7": [
        0,
        0
      ],
      "8": [
        0,
        0
      ],
      "9": [
        0,
        0
      ],
      "10": [
        0,
        0
      ],
      "11": [
        0,
        0
      ],
      "12": [
        0,
        0
      ],
      "13": [
        0,
        0,
        0
      ],
      "14": [
        20,
        0
      ]
    },
    "_coverageSchema": "1a1c01bbd47fc00a2c39e90264f33305004495a9",
    "hash": "2f354f10a70cdb45efa9243bb929c7b97b787828"
  },
  "/Users/cxliao/Desktop/WFH/demo_x_frontend/demo_x/frontend/src/routes/routes.js": {
    "path": "/Users/cxliao/Desktop/WFH/demo_x_frontend/demo_x/frontend/src/routes/routes.js",
    "statementMap": {
      "0": {
        "start": {
          "line": 1,
          "column": 22
        },
        "end": {
          "line": 8,
          "column": 1
        }
      }
    },
    "fnMap": {},
    "branchMap": {},
    "s": {
      "0": 20
    },
    "f": {},
    "b": {},
    "_coverageSchema": "1a1c01bbd47fc00a2c39e90264f33305004495a9",
    "hash": "8885fbc16a7735c003f17b2d784bae7fdf9281b8"
  },
  "/Users/cxliao/Desktop/WFH/demo_x_frontend/demo_x/frontend/src/pages/Presentation.tsx": {
    "path": "/Users/cxliao/Desktop/WFH/demo_x_frontend/demo_x/frontend/src/pages/Presentation.tsx",
    "statementMap": {
      "0": {
        "start": {
          "line": 13,
          "column": 21
        },
        "end": {
          "line": 151,
          "column": 1
        }
      },
      "1": {
        "start": {
          "line": 14,
          "column": 2
        },
        "end": {
          "line": 150,
          "column": 3
        }
      }
    },
    "fnMap": {
      "0": {
        "name": "(anonymous_0)",
        "decl": {
          "start": {
            "line": 13,
            "column": 21
          },
          "end": {
            "line": 13,
            "column": 22
          }
        },
        "loc": {
          "start": {
            "line": 13,
            "column": 27
          },
          "end": {
            "line": 151,
            "column": 1
          }
        },
        "line": 13
      }
    },
    "branchMap": {},
    "s": {
      "0": 20,
      "1": 0
    },
    "f": {
      "0": 0
    },
    "b": {},
    "_coverageSchema": "1a1c01bbd47fc00a2c39e90264f33305004495a9",
    "hash": "c0c061febf4df475d9818704600cb8d1e69ead59"
  },
  "/Users/cxliao/Desktop/WFH/demo_x_frontend/demo_x/frontend/src/service/preworkService.tsx": {
    "path": "/Users/cxliao/Desktop/WFH/demo_x_frontend/demo_x/frontend/src/service/preworkService.tsx",
    "statementMap": {
      "0": {
        "start": {
          "line": 12,
          "column": 61
        },
        "end": {
          "line": 14,
          "column": 3
        }
      },
      "1": {
        "start": {
          "line": 13,
          "column": 4
        },
        "end": {
          "line": 13,
          "column": 60
        }
      },
      "2": {
        "start": {
          "line": 13,
          "column": 43
        },
        "end": {
          "line": 13,
          "column": 57
        }
      },
      "3": {
        "start": {
          "line": 16,
          "column": 61
        },
        "end": {
          "line": 34,
          "column": 3
        }
      },
      "4": {
        "start": {
          "line": 17,
          "column": 17
        },
        "end": {
          "line": 17,
          "column": 44
        }
      },
      "5": {
        "start": {
          "line": 18,
          "column": 4
        },
        "end": {
          "line": 33,
          "column": 5
        }
      },
      "6": {
        "start": {
          "line": 22,
          "column": 10
        },
        "end": {
          "line": 30,
          "column": 11
        }
      },
      "7": {
        "start": {
          "line": 27,
          "column": 16
        },
        "end": {
          "line": 27,
          "column": 84
        }
      },
      "8": {
        "start": {
          "line": 28,
          "column": 21
        },
        "end": {
          "line": 28,
          "column": 88
        }
      },
      "9": {
        "start": {
          "line": 37,
          "column": 64
        },
        "end": {
          "line": 69,
          "column": 3
        }
      },
      "10": {
        "start": {
          "line": 38,
          "column": 32
        },
        "end": {
          "line": 38,
          "column": 34
        }
      },
      "11": {
        "start": {
          "line": 40,
          "column": 4
        },
        "end": {
          "line": 56,
          "column": 5
        }
      },
      "12": {
        "start": {
          "line": 43,
          "column": 8
        },
        "end": {
          "line": 52,
          "column": 88
        }
      },
      "13": {
        "start": {
          "line": 47,
          "column": 16
        },
        "end": {
          "line": 47,
          "column": 25
        }
      },
      "14": {
        "start": {
          "line": 48,
          "column": 16
        },
        "end": {
          "line": 48,
          "column": 24
        }
      },
      "15": {
        "start": {
          "line": 54,
          "column": 8
        },
        "end": {
          "line": 54,
          "column": 20
        }
      },
      "16": {
        "start": {
          "line": 57,
          "column": 4
        },
        "end": {
          "line": 57,
          "column": 16
        }
      }
    },
    "fnMap": {
      "0": {
        "name": "(anonymous_0)",
        "decl": {
          "start": {
            "line": 12,
            "column": 61
          },
          "end": {
            "line": 12,
            "column": 62
          }
        },
        "loc": {
          "start": {
            "line": 12,
            "column": 68
          },
          "end": {
            "line": 14,
            "column": 3
          }
        },
        "line": 12
      },
      "1": {
        "name": "(anonymous_1)",
        "decl": {
          "start": {
            "line": 13,
            "column": 36
          },
          "end": {
            "line": 13,
            "column": 37
          }
        },
        "loc": {
          "start": {
            "line": 13,
            "column": 43
          },
          "end": {
            "line": 13,
            "column": 57
          }
        },
        "line": 13
      },
      "2": {
        "name": "(anonymous_2)",
        "decl": {
          "start": {
            "line": 16,
            "column": 61
          },
          "end": {
            "line": 16,
            "column": 62
          }
        },
        "loc": {
          "start": {
            "line": 16,
            "column": 68
          },
          "end": {
            "line": 34,
            "column": 3
          }
        },
        "line": 16
      },
      "3": {
        "name": "(anonymous_3)",
        "decl": {
          "start": {
            "line": 21,
            "column": 12
          },
          "end": {
            "line": 21,
            "column": 13
          }
        },
        "loc": {
          "start": {
            "line": 22,
            "column": 10
          },
          "end": {
            "line": 30,
            "column": 11
          }
        },
        "line": 22
      },
      "4": {
        "name": "(anonymous_4)",
        "decl": {
          "start": {
            "line": 25,
            "column": 14
          },
          "end": {
            "line": 25,
            "column": 15
          }
        },
        "loc": {
          "start": {
            "line": 27,
            "column": 16
          },
          "end": {
            "line": 27,
            "column": 84
          }
        },
        "line": 27
      },
      "5": {
        "name": "(anonymous_5)",
        "decl": {
          "start": {
            "line": 28,
            "column": 14
          },
          "end": {
            "line": 28,
            "column": 15
          }
        },
        "loc": {
          "start": {
            "line": 28,
            "column": 21
          },
          "end": {
            "line": 28,
            "column": 88
          }
        },
        "line": 28
      },
      "6": {
        "name": "(anonymous_6)",
        "decl": {
          "start": {
            "line": 37,
            "column": 64
          },
          "end": {
            "line": 37,
            "column": 65
          }
        },
        "loc": {
          "start": {
            "line": 37,
            "column": 71
          },
          "end": {
            "line": 69,
            "column": 3
          }
        },
        "line": 37
      },
      "7": {
        "name": "(anonymous_7)",
        "decl": {
          "start": {
            "line": 42,
            "column": 10
          },
          "end": {
            "line": 42,
            "column": 11
          }
        },
        "loc": {
          "start": {
            "line": 42,
            "column": 17
          },
          "end": {
            "line": 55,
            "column": 7
          }
        },
        "line": 42
      },
      "8": {
        "name": "(anonymous_8)",
        "decl": {
          "start": {
            "line": 46,
            "column": 14
          },
          "end": {
            "line": 46,
            "column": 15
          }
        },
        "loc": {
          "start": {
            "line": 46,
            "column": 21
          },
          "end": {
            "line": 49,
            "column": 15
          }
        },
        "line": 46
      }
    },
    "branchMap": {
      "0": {
        "loc": {
          "start": {
            "line": 43,
            "column": 8
          },
          "end": {
            "line": 52,
            "column": 88
          }
        },
        "type": "cond-expr",
        "locations": [
          {
            "start": {
              "line": 44,
              "column": 13
            },
            "end": {
              "line": 51,
              "column": 13
            }
          },
          {
            "start": {
              "line": 52,
              "column": 13
            },
            "end": {
              "line": 52,
              "column": 87
            }
          }
        ],
        "line": 43
      }
    },
    "s": {
      "0": 104,
      "1": 6,
      "2": 24,
      "3": 104,
      "4": 6,
      "5": 6,
      "6": 24,
      "7": 12,
      "8": 12,
      "9": 104,
      "10": 12,
      "11": 12,
      "12": 48,
      "13": 24,
      "14": 24,
      "15": 48,
      "16": 12
    },
    "f": {
      "0": 6,
      "1": 24,
      "2": 6,
      "3": 24,
      "4": 12,
      "5": 12,
      "6": 12,
      "7": 48,
      "8": 24
    },
    "b": {
      "0": [
        24,
        24
      ]
    },
    "_coverageSchema": "1a1c01bbd47fc00a2c39e90264f33305004495a9",
    "hash": "d6edf9df98f88514b80b4bd9e3885d6692184df1"
  },
  "/Users/cxliao/Desktop/WFH/demo_x_frontend/demo_x/frontend/src/service/NodeService.tsx": {
    "path": "/Users/cxliao/Desktop/WFH/demo_x_frontend/demo_x/frontend/src/service/NodeService.tsx",
    "statementMap": {
      "0": {
        "start": {
          "line": 17,
          "column": 14
        },
        "end": {
          "line": 17,
          "column": 19
        }
      },
      "1": {
        "start": {
          "line": 21,
          "column": 4
        },
        "end": {
          "line": 27,
          "column": 5
        }
      },
      "2": {
        "start": {
          "line": 23,
          "column": 14
        },
        "end": {
          "line": 23,
          "column": 88
        }
      },
      "3": {
        "start": {
          "line": 24,
          "column": 17
        },
        "end": {
          "line": 24,
          "column": 56
        }
      },
      "4": {
        "start": {
          "line": 26,
          "column": 47
        },
        "end": {
          "line": 26,
          "column": 55
        }
      },
      "5": {
        "start": {
          "line": 30,
          "column": 4
        },
        "end": {
          "line": 38,
          "column": 5
        }
      },
      "6": {
        "start": {
          "line": 32,
          "column": 14
        },
        "end": {
          "line": 32,
          "column": 74
        }
      },
      "7": {
        "start": {
          "line": 33,
          "column": 17
        },
        "end": {
          "line": 33,
          "column": 60
        }
      },
      "8": {
        "start": {
          "line": 36,
          "column": 8
        },
        "end": {
          "line": 36,
          "column": 16
        }
      },
      "9": {
        "start": {
          "line": 41,
          "column": 4
        },
        "end": {
          "line": 53,
          "column": 5
        }
      },
      "10": {
        "start": {
          "line": 43,
          "column": 14
        },
        "end": {
          "line": 43,
          "column": 63
        }
      },
      "11": {
        "start": {
          "line": 44,
          "column": 17
        },
        "end": {
          "line": 44,
          "column": 61
        }
      },
      "12": {
        "start": {
          "line": 47,
          "column": 8
        },
        "end": {
          "line": 51,
          "column": 29
        }
      },
      "13": {
        "start": {
          "line": 57,
          "column": 4
        },
        "end": {
          "line": 57,
          "column": 43
        }
      },
      "14": {
        "start": {
          "line": 58,
          "column": 4
        },
        "end": {
          "line": 65,
          "column": 5
        }
      },
      "15": {
        "start": {
          "line": 60,
          "column": 14
        },
        "end": {
          "line": 60,
          "column": 65
        }
      },
      "16": {
        "start": {
          "line": 61,
          "column": 17
        },
        "end": {
          "line": 61,
          "column": 56
        }
      },
      "17": {
        "start": {
          "line": 63,
          "column": 57
        },
        "end": {
          "line": 63,
          "column": 65
        }
      },
      "18": {
        "start": {
          "line": 68,
          "column": 4
        },
        "end": {
          "line": 68,
          "column": 37
        }
      },
      "19": {
        "start": {
          "line": 69,
          "column": 4
        },
        "end": {
          "line": 76,
          "column": 5
        }
      },
      "20": {
        "start": {
          "line": 71,
          "column": 14
        },
        "end": {
          "line": 71,
          "column": 61
        }
      },
      "21": {
        "start": {
          "line": 72,
          "column": 17
        },
        "end": {
          "line": 72,
          "column": 59
        }
      },
      "22": {
        "start": {
          "line": 74,
          "column": 59
        },
        "end": {
          "line": 74,
          "column": 67
        }
      }
    },
    "fnMap": {
      "0": {
        "name": "(anonymous_0)",
        "decl": {
          "start": {
            "line": 19,
            "column": 2
          },
          "end": {
            "line": 19,
            "column": 3
          }
        },
        "loc": {
          "start": {
            "line": 19,
            "column": 84
          },
          "end": {
            "line": 28,
            "column": 3
          }
        },
        "line": 19
      },
      "1": {
        "name": "(anonymous_1)",
        "decl": {
          "start": {
            "line": 23,
            "column": 8
          },
          "end": {
            "line": 23,
            "column": 9
          }
        },
        "loc": {
          "start": {
            "line": 23,
            "column": 14
          },
          "end": {
            "line": 23,
            "column": 88
          }
        },
        "line": 23
      },
      "2": {
        "name": "(anonymous_2)",
        "decl": {
          "start": {
            "line": 24,
            "column": 8
          },
          "end": {
            "line": 24,
            "column": 9
          }
        },
        "loc": {
          "start": {
            "line": 24,
            "column": 17
          },
          "end": {
            "line": 24,
            "column": 56
          }
        },
        "line": 24
      },
      "3": {
        "name": "(anonymous_3)",
        "decl": {
          "start": {
            "line": 26,
            "column": 40
          },
          "end": {
            "line": 26,
            "column": 41
          }
        },
        "loc": {
          "start": {
            "line": 26,
            "column": 47
          },
          "end": {
            "line": 26,
            "column": 55
          }
        },
        "line": 26
      },
      "4": {
        "name": "(anonymous_4)",
        "decl": {
          "start": {
            "line": 29,
            "column": 2
          },
          "end": {
            "line": 29,
            "column": 3
          }
        },
        "loc": {
          "start": {
            "line": 29,
            "column": 63
          },
          "end": {
            "line": 39,
            "column": 3
          }
        },
        "line": 29
      },
      "5": {
        "name": "(anonymous_5)",
        "decl": {
          "start": {
            "line": 32,
            "column": 8
          },
          "end": {
            "line": 32,
            "column": 9
          }
        },
        "loc": {
          "start": {
            "line": 32,
            "column": 14
          },
          "end": {
            "line": 32,
            "column": 74
          }
        },
        "line": 32
      },
      "6": {
        "name": "(anonymous_6)",
        "decl": {
          "start": {
            "line": 33,
            "column": 8
          },
          "end": {
            "line": 33,
            "column": 9
          }
        },
        "loc": {
          "start": {
            "line": 33,
            "column": 17
          },
          "end": {
            "line": 33,
            "column": 60
          }
        },
        "line": 33
      },
      "7": {
        "name": "(anonymous_7)",
        "decl": {
          "start": {
            "line": 35,
            "column": 62
          },
          "end": {
            "line": 35,
            "column": 63
          }
        },
        "loc": {
          "start": {
            "line": 36,
            "column": 8
          },
          "end": {
            "line": 36,
            "column": 16
          }
        },
        "line": 36
      },
      "8": {
        "name": "(anonymous_8)",
        "decl": {
          "start": {
            "line": 40,
            "column": 2
          },
          "end": {
            "line": 40,
            "column": 3
          }
        },
        "loc": {
          "start": {
            "line": 40,
            "column": 52
          },
          "end": {
            "line": 54,
            "column": 3
          }
        },
        "line": 40
      },
      "9": {
        "name": "(anonymous_9)",
        "decl": {
          "start": {
            "line": 43,
            "column": 8
          },
          "end": {
            "line": 43,
            "column": 9
          }
        },
        "loc": {
          "start": {
            "line": 43,
            "column": 14
          },
          "end": {
            "line": 43,
            "column": 63
          }
        },
        "line": 43
      },
      "10": {
        "name": "(anonymous_10)",
        "decl": {
          "start": {
            "line": 44,
            "column": 8
          },
          "end": {
            "line": 44,
            "column": 9
          }
        },
        "loc": {
          "start": {
            "line": 44,
            "column": 17
          },
          "end": {
            "line": 44,
            "column": 61
          }
        },
        "line": 44
      },
      "11": {
        "name": "(anonymous_11)",
        "decl": {
          "start": {
            "line": 46,
            "column": 50
          },
          "end": {
            "line": 46,
            "column": 51
          }
        },
        "loc": {
          "start": {
            "line": 47,
            "column": 8
          },
          "end": {
            "line": 51,
            "column": 29
          }
        },
        "line": 47
      },
      "12": {
        "name": "(anonymous_12)",
        "decl": {
          "start": {
            "line": 56,
            "column": 2
          },
          "end": {
            "line": 56,
            "column": 3
          }
        },
        "loc": {
          "start": {
            "line": 56,
            "column": 57
          },
          "end": {
            "line": 66,
            "column": 3
          }
        },
        "line": 56
      },
      "13": {
        "name": "(anonymous_13)",
        "decl": {
          "start": {
            "line": 60,
            "column": 8
          },
          "end": {
            "line": 60,
            "column": 9
          }
        },
        "loc": {
          "start": {
            "line": 60,
            "column": 14
          },
          "end": {
            "line": 60,
            "column": 65
          }
        },
        "line": 60
      },
      "14": {
        "name": "(anonymous_14)",
        "decl": {
          "start": {
            "line": 61,
            "column": 8
          },
          "end": {
            "line": 61,
            "column": 9
          }
        },
        "loc": {
          "start": {
            "line": 61,
            "column": 17
          },
          "end": {
            "line": 61,
            "column": 56
          }
        },
        "line": 61
      },
      "15": {
        "name": "(anonymous_15)",
        "decl": {
          "start": {
            "line": 63,
            "column": 48
          },
          "end": {
            "line": 63,
            "column": 49
          }
        },
        "loc": {
          "start": {
            "line": 63,
            "column": 57
          },
          "end": {
            "line": 63,
            "column": 65
          }
        },
        "line": 63
      },
      "16": {
        "name": "(anonymous_16)",
        "decl": {
          "start": {
            "line": 67,
            "column": 2
          },
          "end": {
            "line": 67,
            "column": 3
          }
        },
        "loc": {
          "start": {
            "line": 67,
            "column": 50
          },
          "end": {
            "line": 77,
            "column": 3
          }
        },
        "line": 67
      },
      "17": {
        "name": "(anonymous_17)",
        "decl": {
          "start": {
            "line": 71,
            "column": 8
          },
          "end": {
            "line": 71,
            "column": 9
          }
        },
        "loc": {
          "start": {
            "line": 71,
            "column": 14
          },
          "end": {
            "line": 71,
            "column": 61
          }
        },
        "line": 71
      },
      "18": {
        "name": "(anonymous_18)",
        "decl": {
          "start": {
            "line": 72,
            "column": 8
          },
          "end": {
            "line": 72,
            "column": 9
          }
        },
        "loc": {
          "start": {
            "line": 72,
            "column": 17
          },
          "end": {
            "line": 72,
            "column": 59
          }
        },
        "line": 72
      },
      "19": {
        "name": "(anonymous_19)",
        "decl": {
          "start": {
            "line": 74,
            "column": 50
          },
          "end": {
            "line": 74,
            "column": 51
          }
        },
        "loc": {
          "start": {
            "line": 74,
            "column": 59
          },
          "end": {
            "line": 74,
            "column": 67
          }
        },
        "line": 74
      }
    },
    "branchMap": {
      "0": {
        "loc": {
          "start": {
            "line": 47,
            "column": 8
          },
          "end": {
            "line": 51,
            "column": 29
          }
        },
        "type": "cond-expr",
        "locations": [
          {
            "start": {
              "line": 48,
              "column": 12
            },
            "end": {
              "line": 50,
              "column": 31
            }
          },
          {
            "start": {
              "line": 51,
              "column": 12
            },
            "end": {
              "line": 51,
              "column": 29
            }
          }
        ],
        "line": 47
      },
      "1": {
        "loc": {
          "start": {
            "line": 48,
            "column": 12
          },
          "end": {
            "line": 50,
            "column": 31
          }
        },
        "type": "cond-expr",
        "locations": [
          {
            "start": {
              "line": 49,
              "column": 14
            },
            "end": {
              "line": 49,
              "column": 31
            }
          },
          {
            "start": {
              "line": 50,
              "column": 14
            },
            "end": {
              "line": 50,
              "column": 31
            }
          }
        ],
        "line": 48
      },
      "2": {
        "loc": {
          "start": {
            "line": 48,
            "column": 12
          },
          "end": {
            "line": 48,
            "column": 74
          }
        },
        "type": "binary-expr",
        "locations": [
          {
            "start": {
              "line": 48,
              "column": 12
            },
            "end": {
              "line": 48,
              "column": 38
            }
          },
          {
            "start": {
              "line": 48,
              "column": 42
            },
            "end": {
              "line": 48,
              "column": 74
            }
          }
        ],
        "line": 48
      }
    },
    "s": {
      "0": 134,
      "1": 0,
      "2": 0,
      "3": 0,
      "4": 0,
      "5": 6,
      "6": 6,
      "7": 0,
      "8": 6,
      "9": 14,
      "10": 14,
      "11": 0,
      "12": 14,
      "13": 0,
      "14": 0,
      "15": 0,
      "16": 0,
      "17": 0,
      "18": 0,
      "19": 0,
      "20": 0,
      "21": 0,
      "22": 0
    },
    "f": {
      "0": 0,
      "1": 0,
      "2": 0,
      "3": 0,
      "4": 6,
      "5": 6,
      "6": 0,
      "7": 6,
      "8": 14,
      "9": 14,
      "10": 0,
      "11": 14,
      "12": 0,
      "13": 0,
      "14": 0,
      "15": 0,
      "16": 0,
      "17": 0,
      "18": 0,
      "19": 0
    },
    "b": {
      "0": [
        14,
        0
      ],
      "1": [
        14,
        0
      ],
      "2": [
        14,
        14
      ]
    },
    "_coverageSchema": "1a1c01bbd47fc00a2c39e90264f33305004495a9",
    "hash": "3843af457d47771c5c662a43041999950a128d43"
  },
  "/Users/cxliao/Desktop/WFH/demo_x_frontend/demo_x/frontend/src/pages/summary.tsx": {
    "path": "/Users/cxliao/Desktop/WFH/demo_x_frontend/demo_x/frontend/src/pages/summary.tsx",
    "statementMap": {
      "0": {
        "start": {
          "line": 22,
          "column": 52
        },
        "end": {
          "line": 22,
          "column": 64
        }
      },
      "1": {
        "start": {
          "line": 23,
          "column": 34
        },
        "end": {
          "line": 23,
          "column": 46
        }
      },
      "2": {
        "start": {
          "line": 25,
          "column": 30
        },
        "end": {
          "line": 25,
          "column": 52
        }
      },
      "3": {
        "start": {
          "line": 26,
          "column": 36
        },
        "end": {
          "line": 26,
          "column": 61
        }
      },
      "4": {
        "start": {
          "line": 27,
          "column": 46
        },
        "end": {
          "line": 27,
          "column": 71
        }
      },
      "5": {
        "start": {
          "line": 28,
          "column": 40
        },
        "end": {
          "line": 28,
          "column": 52
        }
      },
      "6": {
        "start": {
          "line": 29,
          "column": 40
        },
        "end": {
          "line": 29,
          "column": 52
        }
      },
      "7": {
        "start": {
          "line": 30,
          "column": 44
        },
        "end": {
          "line": 30,
          "column": 63
        }
      },
      "8": {
        "start": {
          "line": 31,
          "column": 25
        },
        "end": {
          "line": 31,
          "column": 45
        }
      },
      "9": {
        "start": {
          "line": 33,
          "column": 16
        },
        "end": {
          "line": 33,
          "column": 28
        }
      },
      "10": {
        "start": {
          "line": 34,
          "column": 20
        },
        "end": {
          "line": 41,
          "column": 3
        }
      },
      "11": {
        "start": {
          "line": 35,
          "column": 5
        },
        "end": {
          "line": 40,
          "column": 6
        }
      },
      "12": {
        "start": {
          "line": 43,
          "column": 2
        },
        "end": {
          "line": 46,
          "column": 8
        }
      },
      "13": {
        "start": {
          "line": 44,
          "column": 4
        },
        "end": {
          "line": 44,
          "column": 15
        }
      },
      "14": {
        "start": {
          "line": 51,
          "column": 20
        },
        "end": {
          "line": 69,
          "column": 3
        }
      },
      "15": {
        "start": {
          "line": 52,
          "column": 24
        },
        "end": {
          "line": 52,
          "column": 41
        }
      },
      "16": {
        "start": {
          "line": 56,
          "column": 17
        },
        "end": {
          "line": 63,
          "column": 42
        }
      },
      "17": {
        "start": {
          "line": 58,
          "column": 8
        },
        "end": {
          "line": 58,
          "column": 56
        }
      },
      "18": {
        "start": {
          "line": 59,
          "column": 8
        },
        "end": {
          "line": 59,
          "column": 20
        }
      },
      "19": {
        "start": {
          "line": 60,
          "column": 8
        },
        "end": {
          "line": 60,
          "column": 31
        }
      },
      "20": {
        "start": {
          "line": 62,
          "column": 13
        },
        "end": {
          "line": 62,
          "column": 14
        }
      },
      "21": {
        "start": {
          "line": 65,
          "column": 4
        },
        "end": {
          "line": 65,
          "column": 60
        }
      },
      "22": {
        "start": {
          "line": 66,
          "column": 4
        },
        "end": {
          "line": 66,
          "column": 59
        }
      },
      "23": {
        "start": {
          "line": 67,
          "column": 4
        },
        "end": {
          "line": 67,
          "column": 64
        }
      },
      "24": {
        "start": {
          "line": 68,
          "column": 4
        },
        "end": {
          "line": 68,
          "column": 59
        }
      },
      "25": {
        "start": {
          "line": 74,
          "column": 4
        },
        "end": {
          "line": 74,
          "column": 37
        }
      },
      "26": {
        "start": {
          "line": 75,
          "column": 4
        },
        "end": {
          "line": 82,
          "column": 5
        }
      },
      "27": {
        "start": {
          "line": 76,
          "column": 6
        },
        "end": {
          "line": 76,
          "column": 55
        }
      },
      "28": {
        "start": {
          "line": 78,
          "column": 6
        },
        "end": {
          "line": 78,
          "column": 24
        }
      },
      "29": {
        "start": {
          "line": 80,
          "column": 6
        },
        "end": {
          "line": 80,
          "column": 24
        }
      },
      "30": {
        "start": {
          "line": 81,
          "column": 6
        },
        "end": {
          "line": 81,
          "column": 24
        }
      },
      "31": {
        "start": {
          "line": 85,
          "column": 4
        },
        "end": {
          "line": 85,
          "column": 42
        }
      },
      "32": {
        "start": {
          "line": 86,
          "column": 4
        },
        "end": {
          "line": 86,
          "column": 56
        }
      },
      "33": {
        "start": {
          "line": 91,
          "column": 2
        },
        "end": {
          "line": 164,
          "column": 3
        }
      },
      "34": {
        "start": {
          "line": 108,
          "column": 16
        },
        "end": {
          "line": 110,
          "column": 25
        }
      },
      "35": {
        "start": {
          "line": 122,
          "column": 16
        },
        "end": {
          "line": 124,
          "column": 25
        }
      }
    },
    "fnMap": {
      "0": {
        "name": "SummaryPage",
        "decl": {
          "start": {
            "line": 21,
            "column": 9
          },
          "end": {
            "line": 21,
            "column": 20
          }
        },
        "loc": {
          "start": {
            "line": 21,
            "column": 23
          },
          "end": {
            "line": 165,
            "column": 1
          }
        },
        "line": 21
      },
      "1": {
        "name": "(anonymous_1)",
        "decl": {
          "start": {
            "line": 34,
            "column": 20
          },
          "end": {
            "line": 34,
            "column": 21
          }
        },
        "loc": {
          "start": {
            "line": 34,
            "column": 27
          },
          "end": {
            "line": 41,
            "column": 3
          }
        },
        "line": 34
      },
      "2": {
        "name": "(anonymous_2)",
        "decl": {
          "start": {
            "line": 43,
            "column": 12
          },
          "end": {
            "line": 43,
            "column": 13
          }
        },
        "loc": {
          "start": {
            "line": 43,
            "column": 18
          },
          "end": {
            "line": 46,
            "column": 3
          }
        },
        "line": 43
      },
      "3": {
        "name": "(anonymous_3)",
        "decl": {
          "start": {
            "line": 51,
            "column": 20
          },
          "end": {
            "line": 51,
            "column": 21
          }
        },
        "loc": {
          "start": {
            "line": 51,
            "column": 32
          },
          "end": {
            "line": 69,
            "column": 3
          }
        },
        "line": 51
      },
      "4": {
        "name": "(anonymous_4)",
        "decl": {
          "start": {
            "line": 57,
            "column": 6
          },
          "end": {
            "line": 57,
            "column": 7
          }
        },
        "loc": {
          "start": {
            "line": 57,
            "column": 13
          },
          "end": {
            "line": 61,
            "column": 7
          }
        },
        "line": 57
      },
      "5": {
        "name": "(anonymous_5)",
        "decl": {
          "start": {
            "line": 62,
            "column": 6
          },
          "end": {
            "line": 62,
            "column": 7
          }
        },
        "loc": {
          "start": {
            "line": 62,
            "column": 13
          },
          "end": {
            "line": 62,
            "column": 14
          }
        },
        "line": 62
      },
      "6": {
        "name": "onPsChange",
        "decl": {
          "start": {
            "line": 72,
            "column": 17
          },
          "end": {
            "line": 72,
            "column": 27
          }
        },
        "loc": {
          "start": {
            "line": 72,
            "column": 36
          },
          "end": {
            "line": 83,
            "column": 3
          }
        },
        "line": 72
      },
      "7": {
        "name": "onProductChange",
        "decl": {
          "start": {
            "line": 84,
            "column": 17
          },
          "end": {
            "line": 84,
            "column": 32
          }
        },
        "loc": {
          "start": {
            "line": 84,
            "column": 41
          },
          "end": {
            "line": 89,
            "column": 3
          }
        },
        "line": 84
      },
      "8": {
        "name": "(anonymous_8)",
        "decl": {
          "start": {
            "line": 107,
            "column": 26
          },
          "end": {
            "line": 107,
            "column": 27
          }
        },
        "loc": {
          "start": {
            "line": 108,
            "column": 16
          },
          "end": {
            "line": 110,
            "column": 25
          }
        },
        "line": 108
      },
      "9": {
        "name": "(anonymous_9)",
        "decl": {
          "start": {
            "line": 121,
            "column": 31
          },
          "end": {
            "line": 121,
            "column": 32
          }
        },
        "loc": {
          "start": {
            "line": 122,
            "column": 16
          },
[...]
          "column": 1
        }
      },
      "25": {
        "start": {
          "line": 80,
          "column": 2
        },
        "end": {
          "line": 94,
          "column": 11
        }
      }
    },
    "fnMap": {
      "0": {
        "name": "(anonymous_0)",
        "decl": {
          "start": {
            "line": 19,
            "column": 31
          },
          "end": {
            "line": 19,
            "column": 32
          }
        },
        "loc": {
          "start": {
            "line": 19,
            "column": 70
          },
          "end": {
            "line": 38,
            "column": 1
          }
        },
        "line": 19
      },
      "1": {
        "name": "(anonymous_1)",
        "decl": {
          "start": {
            "line": 22,
            "column": 12
          },
          "end": {
            "line": 22,
            "column": 13
          }
        },
        "loc": {
          "start": {
            "line": 22,
            "column": 18
          },
          "end": {
            "line": 25,
            "column": 3
          }
        },
        "line": 22
      },
      "2": {
        "name": "(anonymous_2)",
        "decl": {
          "start": {
            "line": 23,
            "column": 29
          },
          "end": {
            "line": 23,
            "column": 30
          }
        },
        "loc": {
          "start": {
            "line": 23,
            "column": 35
          },
          "end": {
            "line": 23,
            "column": 50
          }
        },
        "line": 23
      },
      "3": {
        "name": "(anonymous_3)",
        "decl": {
          "start": {
            "line": 24,
            "column": 11
          },
          "end": {
            "line": 24,
            "column": 12
          }
        },
        "loc": {
          "start": {
            "line": 24,
            "column": 17
          },
          "end": {
            "line": 24,
            "column": 36
          }
        },
        "line": 24
      },
      "4": {
        "name": "(anonymous_4)",
        "decl": {
          "start": {
            "line": 30,
            "column": 14
          },
          "end": {
            "line": 30,
            "column": 15
          }
        },
        "loc": {
          "start": {
            "line": 31,
            "column": 8
          },
          "end": {
            "line": 34,
            "column": 11
          }
        },
        "line": 31
      },
      "5": {
        "name": "(anonymous_5)",
        "decl": {
          "start": {
            "line": 40,
            "column": 25
          },
          "end": {
            "line": 40,
            "column": 26
          }
        },
        "loc": {
          "start": {
            "line": 40,
            "column": 64
          },
          "end": {
            "line": 77,
            "column": 1
          }
        },
        "line": 40
      },
      "6": {
        "name": "(anonymous_6)",
        "decl": {
          "start": {
            "line": 43,
            "column": 12
          },
          "end": {
            "line": 43,
            "column": 13
          }
        },
        "loc": {
          "start": {
            "line": 43,
            "column": 18
          },
          "end": {
            "line": 46,
            "column": 3
          }
        },
        "line": 43
      },
      "7": {
        "name": "(anonymous_7)",
        "decl": {
          "start": {
            "line": 44,
            "column": 29
          },
          "end": {
            "line": 44,
            "column": 30
          }
        },
        "loc": {
          "start": {
            "line": 44,
            "column": 35
          },
          "end": {
            "line": 44,
            "column": 50
          }
        },
        "line": 44
      },
      "8": {
        "name": "(anonymous_8)",
        "decl": {
          "start": {
            "line": 45,
            "column": 11
          },
          "end": {
            "line": 45,
            "column": 12
          }
        },
        "loc": {
          "start": {
            "line": 45,
            "column": 17
          },
          "end": {
            "line": 45,
            "column": 36
          }
        },
        "line": 45
      },
      "9": {
        "name": "(anonymous_9)",
        "decl": {
          "start": {
            "line": 48,
            "column": 40
          },
          "end": {
            "line": 48,
            "column": 41
          }
        },
        "loc": {
          "start": {
            "line": 48,
            "column": 46
          },
          "end": {
            "line": 50,
            "column": 3
          }
        },
        "line": 48
      },
      "10": {
        "name": "(anonymous_10)",
        "decl": {
          "start": {
            "line": 54,
            "column": 25
          },
          "end": {
            "line": 54,
            "column": 26
          }
        },
        "loc": {
          "start": {
            "line": 54,
            "column": 31
          },
          "end": {
            "line": 57,
            "column": 3
          }
        },
        "line": 54
      },
      "11": {
        "name": "(anonymous_11)",
        "decl": {
          "start": {
            "line": 62,
            "column": 14
          },
          "end": {
            "line": 62,
            "column": 15
          }
        },
        "loc": {
          "start": {
            "line": 63,
            "column": 8
          },
          "end": {
            "line": 73,
            "column": 11
          }
        },
        "line": 63
      },
      "12": {
        "name": "(anonymous_12)",
        "decl": {
          "start": {
            "line": 79,
            "column": 17
          },
          "end": {
            "line": 79,
            "column": 18
          }
        },
        "loc": {
          "start": {
            "line": 80,
            "column": 2
          },
          "end": {
            "line": 94,
            "column": 11
          }
        },
        "line": 80
      }
    },
    "branchMap": {
      "0": {
        "loc": {
          "start": {
            "line": 33,
            "column": 27
          },
          "end": {
            "line": 33,
            "column": 48
          }
        },
        "type": "cond-expr",
        "locations": [
          {
            "start": {
              "line": 33,
              "column": 36
            },
            "end": {
              "line": 33,
              "column": 41
            }
          },
          {
            "start": {
              "line": 33,
              "column": 44
            },
            "end": {
              "line": 33,
              "column": 48
            }
          }
        ],
        "line": 33
      },
      "1": {
        "loc": {
          "start": {
            "line": 49,
            "column": 11
          },
          "end": {
            "line": 49,
            "column": 77
          }
        },
        "type": "cond-expr",
        "locations": [
          {
            "start": {
              "line": 49,
              "column": 65
            },
            "end": {
              "line": 49,
              "column": 70
            }
          },
          {
            "start": {
              "line": 49,
              "column": 73
            },
            "end": {
              "line": 49,
              "column": 77
            }
          }
        ],
        "line": 49
      },
      "2": {
        "loc": {
          "start": {
            "line": 64,
            "column": 27
          },
          "end": {
            "line": 64,
            "column": 48
          }
        },
        "type": "cond-expr",
        "locations": [
          {
            "start": {
              "line": 64,
              "column": 36
            },
            "end": {
              "line": 64,
              "column": 41
            }
          },
          {
            "start": {
              "line": 64,
              "column": 44
            },
            "end": {
              "line": 64,
              "column": 48
            }
          }
        ],
        "line": 64
      }
    },
    "s": {
      "0": 20,
      "1": 0,
      "2": 0,
      "3": 0,
      "4": 0,
      "5": 0,
      "6": 0,
      "7": 0,
      "8": 0,
      "9": 20,
      "10": 80,
      "11": 80,
      "12": 20,
      "13": 20,
      "14": 20,
      "15": 0,
      "16": 80,
      "17": 40,
      "18": 80,
      "19": 80,
      "20": 0,
      "21": 0,
      "22": 80,
      "23": 40,
      "24": 20,
      "25": 40
    },
    "f": {
      "0": 0,
      "1": 0,
      "2": 0,
      "3": 0,
      "4": 0,
      "5": 80,
      "6": 20,
      "7": 20,
      "8": 0,
      "9": 40,
      "10": 0,
      "11": 40,
      "12": 40
    },
    "b": {
      "0": [
        0,
        0
      ],
      "1": [
        0,
        40
      ],
      "2": [
        20,
        20
      ]
    },
    "_coverageSchema": "1a1c01bbd47fc00a2c39e90264f33305004495a9",
    "hash": "beee6b1c0efa412c72a0a0432ac4555560bde8db"
  },
  "/Users/cxliao/Desktop/WFH/demo_x_frontend/demo_x/frontend/src/service/MockServer.tsx": {
    "path": "/Users/cxliao/Desktop/WFH/demo_x_frontend/demo_x/frontend/src/service/MockServer.tsx",
    "statementMap": {
      "0": {
        "start": {
          "line": 13,
          "column": 2
        },
        "end": {
          "line": 13,
          "column": 34
        }
      },
      "1": {
        "start": {
          "line": 14,
          "column": 2
        },
        "end": {
          "line": 97,
          "column": 4
        }
      },
      "2": {
        "start": {
          "line": 21,
          "column": 6
        },
        "end": {
          "line": 52,
          "column": 8
        }
      },
      "3": {
        "start": {
          "line": 55,
          "column": 6
        },
        "end": {
          "line": 55,
          "column": 27
        }
      },
      "4": {
        "start": {
          "line": 70,
          "column": 6
        },
        "end": {
          "line": 70,
          "column": 41
        }
      },
      "5": {
        "start": {
          "line": 70,
          "column": 33
        },
        "end": {
          "line": 70,
          "column": 40
        }
      },
      "6": {
        "start": {
          "line": 71,
          "column": 6
        },
        "end": {
          "line": 76,
          "column": 8
        }
      },
      "7": {
        "start": {
          "line": 72,
          "column": 19
        },
        "end": {
          "line": 72,
          "column": 36
        }
      },
      "8": {
        "start": {
          "line": 73,
          "column": 21
        },
        "end": {
          "line": 73,
          "column": 40
        }
      },
      "9": {
        "start": {
          "line": 75,
          "column": 8
        },
        "end": {
          "line": 75,
          "column": 48
        }
      },
      "10": {
        "start": {
          "line": 77,
          "column": 6
        },
        "end": {
          "line": 86,
          "column": 9
        }
      },
      "11": {
        "start": {
          "line": 77,
          "column": 50
        },
        "end": {
          "line": 86,
          "column": 7
        }
      },
      "12": {
        "start": {
          "line": 88,
          "column": 6
        },
        "end": {
          "line": 91,
          "column": 9
        }
      },
      "13": {
        "start": {
          "line": 88,
          "column": 32
        },
        "end": {
          "line": 91,
          "column": 7
        }
      },
      "14": {
        "start": {
          "line": 92,
          "column": 6
        },
        "end": {
          "line": 94,
          "column": 8
        }
      },
      "15": {
        "start": {
          "line": 93,
          "column": 8
        },
        "end": {
          "line": 93,
          "column": 30
        }
      }
    },
    "fnMap": {
      "0": {
        "name": "MockServer",
        "decl": {
          "start": {
            "line": 12,
            "column": 16
          },
          "end": {
            "line": 12,
            "column": 26
          }
        },
        "loc": {
          "start": {
            "line": 12,
            "column": 53
          },
          "end": {
            "line": 98,
            "column": 1
          }
        },
        "line": 12
      },
      "1": {
        "name": "(anonymous_1)",
        "decl": {
          "start": {
            "line": 18,
            "column": 4
          },
          "end": {
            "line": 18,
            "column": 5
          }
        },
        "loc": {
          "start": {
            "line": 19,
            "column": 4
          },
          "end": {
            "line": 53,
            "column": 5
          }
        },
        "line": 19
      },
      "2": {
        "name": "(anonymous_2)",
        "decl": {
          "start": {
            "line": 54,
            "column": 4
          },
          "end": {
            "line": 54,
            "column": 5
          }
        },
        "loc": {
          "start": {
            "line": 54,
            "column": 13
          },
          "end": {
            "line": 96,
            "column": 5
          }
        },
        "line": 54
      },
      "3": {
        "name": "(anonymous_3)",
        "decl": {
          "start": {
            "line": 70,
            "column": 27
          },
          "end": {
            "line": 70,
            "column": 28
          }
        },
        "loc": {
          "start": {
            "line": 70,
            "column": 33
          },
          "end": {
            "line": 70,
            "column": 40
          }
        },
        "line": 70
      },
      "4": {
        "name": "(anonymous_4)",
        "decl": {
          "start": {
            "line": 71,
            "column": 40
          },
          "end": {
            "line": 71,
            "column": 41
          }
        },
        "loc": {
          "start": {
            "line": 71,
            "column": 60
          },
          "end": {
            "line": 76,
            "column": 7
          }
        },
        "line": 71
      },
      "5": {
        "name": "(anonymous_5)",
        "decl": {
          "start": {
            "line": 77,
            "column": 28
          },
          "end": {
            "line": 77,
            "column": 29
          }
        },
        "loc": {
          "start": {
            "line": 77,
            "column": 50
          },
          "end": {
            "line": 86,
            "column": 7
          }
        },
        "line": 77
      },
      "6": {
        "name": "(anonymous_6)",
        "decl": {
          "start": {
            "line": 88,
            "column": 25
          },
          "end": {
            "line": 88,
            "column": 26
          }
        },
        "loc": {
          "start": {
            "line": 88,
            "column": 32
          },
          "end": {
            "line": 91,
            "column": 7
          }
        },
        "line": 88
      },
      "7": {
        "name": "(anonymous_7)",
        "decl": {
          "start": {
            "line": 92,
            "column": 31
          },
          "end": {
            "line": 92,
            "column": 32
          }
        },
        "loc": {
          "start": {
            "line": 92,
            "column": 51
          },
          "end": {
            "line": 94,
            "column": 7
          }
        },
        "line": 92
      }
    },
    "branchMap": {
      "0": {
        "loc": {
          "start": {
            "line": 12,
            "column": 29
          },
          "end": {
            "line": 12,
            "column": 49
          }
        },
        "type": "default-arg",
        "locations": [
          {
            "start": {
              "line": 12,
              "column": 43
            },
            "end": {
              "line": 12,
              "column": 49
            }
          }
        ],
        "line": 12
      }
    },
    "s": {
      "0": 20,
      "1": 20,
      "2": 20,
      "3": 20,
      "4": 20,
      "5": 14,
      "6": 20,
      "7": 0,
      "8": 0,
      "9": 0,
      "10": 20,
      "11": 0,
      "12": 20,
      "13": 0,
      "14": 20,
      "15": 6
    },
    "f": {
      "0": 20,
      "1": 20,
      "2": 20,
      "3": 14,
      "4": 0,
      "5": 0,
      "6": 0,
      "7": 6
    },
    "b": {
      "0": [
        0
      ]
    },
    "_coverageSchema": "1a1c01bbd47fc00a2c39e90264f33305004495a9",
    "hash": "5bf0d098524a32798ec98738dc9b131692e976c3"
  },
  "/Users/cxliao/Desktop/WFH/demo_x_frontend/demo_x/frontend/src/index.tsx": {
    "path": "/Users/cxliao/Desktop/WFH/demo_x_frontend/demo_x/frontend/src/index.tsx",
    "statementMap": {
      "0": {
        "start": {
          "line": 42,
          "column": 20
        },
        "end": {
          "line": 42,
          "column": 40
        }
      },
      "1": {
        "start": {
          "line": 43,
          "column": 0
        },
        "end": {
          "line": 43,
          "column": 24
        }
      },
      "2": {
        "start": {
          "line": 44,
          "column": 0
        },
        "end": {
          "line": 46,
          "column": 1
        }
      },
      "3": {
        "start": {
          "line": 45,
          "column": 2
        },
        "end": {
          "line": 45,
          "column": 29
        }
      },
      "4": {
        "start": {
          "line": 95,
          "column": 0
        },
        "end": {
          "line": 105,
          "column": 1
        }
      },
      "5": {
        "start": {
          "line": 141,
          "column": 0
        },
        "end": {
          "line": 141,
          "column": 26
        }
      }
    },
    "fnMap": {},
    "branchMap": {
      "0": {
        "loc": {
          "start": {
            "line": 44,
            "column": 0
          },
          "end": {
            "line": 46,
            "column": 1
          }
        },
        "type": "if",
        "locations": [
          {
            "start": {
              "line": 44,
              "column": 0
            },
            "end": {
              "line": 46,
              "column": 1
            }
          },
          {
            "start": {
              "line": 44,
              "column": 0
            },
            "end": {
              "line": 46,
              "column": 1
            }
          }
        ],
        "line": 44
      }
    },
    "s": {
      "0": 20,
      "1": 20,
      "2": 20,
      "3": 20,
      "4": 20,
      "5": 20
    },
    "f": {},
    "b": {
      "0": [
        20,
        0
      ]
    },
    "_coverageSchema": "1a1c01bbd47fc00a2c39e90264f33305004495a9",
    "hash": "66ff0bb9ba3318fd0ad8f2cef5c2c975d6cc9c66"
  },
  "/Users/cxliao/Desktop/WFH/demo_x_frontend/demo_x/frontend/src/components/headerBar.tsx": {
    "path": "/Users/cxliao/Desktop/WFH/demo_x_frontend/demo_x/frontend/src/components/headerBar.tsx",
    "statementMap": {},
    "fnMap": {},
    "branchMap": {},
    "s": {},
    "f": {},
    "b": {}
  },
  "/Users/cxliao/Desktop/WFH/demo_x_frontend/demo_x/frontend/src/service/serviceObject.tsx": {
    "path": "/Users/cxliao/Desktop/WFH/demo_x_frontend/demo_x/frontend/src/service/serviceObject.tsx",
    "statementMap": {},
    "fnMap": {},
    "branchMap": {},
    "s": {},
    "f": {},
    "b": {}
  },
  "/Users/cxliao/Desktop/WFH/demo_x_frontend/demo_x/frontend/src/App.test.tsx": {
    "path": "/Users/cxliao/Desktop/WFH/demo_x_frontend/demo_x/frontend/src/App.test.tsx",
    "statementMap": {},
    "fnMap": {},
    "branchMap": {},
    "s": {},
    "f": {},
    "b": {}
  }
}
