<?xml version="1.0" encoding="UTF-8"?>
<testsuites name="Mocha Tests" time="36.9320" tests="4" failures="0">
  <testsuite name="Root Suite" timestamp="2021-07-21T07:41:11" tests="0" file="cypress/integration/myevent.test.js" time="0.0000" failures="0">
  </testsuite>
  <testsuite name="My Event Page" timestamp="2021-07-21T07:41:11" tests="4" time="36.9320" failures="0">
    <testcase name="My Event Page Show My Event Tab and Authorization Tab" time="13.7710" classname="Show My Event Tab and Authorization Tab">
    </testcase>
    <testcase name="My Event Page Check My Event List subscriber" time="5.7490" classname="Check My Event List subscriber">
    </testcase>
    <testcase name="My Event Page Check My Event List View API" time="9.4430" classname="Check My Event List View API">
    </testcase>
    <testcase name="My Event Page Go to My Authorzation List and View API" time="7.9690" classname="Go to My Authorzation List and View API">
    </testcase>
  </testsuite>
</testsuites>